  AiPlayer.cpp
  BasePlayer.cpp
  DeckHelper.cpp
  Enumerator.cpp
Enumerator.cpp(35): warning C4018: '<': signed/unsigned mismatch
  FuzzyLogicFacade.cpp
  OpponentModeller.cpp
  Player.cpp
  PokerTable.cpp
PokerTable.cpp(12): warning C4244: 'argument': conversion from 'time_t' to 'unsigned int', possible loss of data
PokerTable.cpp(878): warning C4244: 'argument': conversion from 'double' to 'int', possible loss of data
PokerTable.cpp(879): warning C4244: 'argument': conversion from 'double' to 'int', possible loss of data
PokerTable.cpp(880): warning C4244: 'argument': conversion from 'double' to 'int', possible loss of data
PokerTable.cpp(881): warning C4244: 'argument': conversion from 'double' to 'int', possible loss of data
PokerTable.cpp(890): warning C4244: 'argument': conversion from 'double' to 'int', possible loss of data
PokerTable.cpp(891): warning C4244: 'argument': conversion from 'double' to 'int', possible loss of data
PokerTable.cpp(894): warning C4244: 'argument': conversion from 'double' to 'int', possible loss of data
PokerTable.cpp(898): warning C4244: 'argument': conversion from 'double' to 'int', possible loss of data
PokerTable.cpp(902): warning C4244: 'argument': conversion from 'double' to 'int', possible loss of data
PokerTable.cpp(907): warning C4244: 'argument': conversion from 'double' to 'int', possible loss of data
PokerTable.cpp(916): warning C4244: 'argument': conversion from 'const double' to 'int', possible loss of data
PokerTable.cpp(917): warning C4244: 'argument': conversion from 'double' to 'int', possible loss of data
PokerTable.cpp(918): warning C4244: 'argument': conversion from 'double' to 'int', possible loss of data
PokerTable.cpp(919): warning C4244: 'argument': conversion from 'double' to 'int', possible loss of data
PokerTable.cpp(922): warning C4244: 'argument': conversion from 'double' to 'int', possible loss of data
PokerTable.cpp(923): warning C4244: 'argument': conversion from 'double' to 'int', possible loss of data
PokerTable.cpp(924): warning C4244: 'argument': conversion from 'double' to 'int', possible loss of data
  RegretEngine.cpp
  Texture2D.cpp
  UtilityHelper.cpp
  main.cpp
  Generating code
  6 of 2446 functions ( 0.2%) were compiled, the rest were copied from previous compilation.
    0 functions were new in current compilation
    61 functions had inline decision re-evaluated but remain unchanged
  Finished generating code
  HoldemHorace.vcxproj -> C:\Users\Dan\Desktop\HoldemHorace v3.6 latest\HoldemHorace\Release\HoldemHorace.exe
  HoldemHorace.vcxproj -> C:\Users\Dan\Desktop\HoldemHorace v3.6 latest\HoldemHorace\Release\HoldemHorace.pdb (Full PDB)
